<?xml version="1.0" encoding="UTF-8"?>
<!-- Generated by org.testng.reporters.JUnitReportReporter -->
<testsuite hostname="Hemnath-FF" failures="0" tests="1" name="org.test.iOT.EndToEnd" time="11.285" errors="0" timestamp="2024-11-19T14:48:52 IST" skipped="0">
  <testcase classname="org.test.iOT.EndToEnd" name="dataSimulationToRabbitMQ" time="11.285"/>
  <system-out/>
</testsuite> <!-- org.test.iOT.EndToEnd -->
