<?xml version="1.0" encoding="UTF-8"?>
<!-- Generated by org.testng.reporters.JUnitReportReporter -->
<testsuite hostname="Hemnath-FF" failures="0" tests="1" name="org.test.iOT.PushDataAMQP" time="9.283" errors="0" timestamp="2024-11-19T15:10:39 IST" skipped="0">
  <testcase classname="org.test.iOT.PushDataAMQP" name="dataSimulationToRabbitMQ" time="9.283"/>
  <system-out/>
</testsuite> <!-- org.test.iOT.PushDataAMQP -->
